<?xml version="1.0" encoding="UTF-8"?>
<testng-results ignored="0" total="1" passed="1" failed="0" skipped="0">
  <reporter-output>
  </reporter-output>
  <suite started-at="2025-01-24T13:40:27 WIB" name="Surefire suite" finished-at="2025-01-24T13:40:57 WIB" duration-ms="29959">
    <groups>
    </groups>
    <test started-at="2025-01-24T13:40:27 WIB" name="Surefire test" finished-at="2025-01-24T13:40:57 WIB" duration-ms="29959">
      <class name="TestSaucedemo">
        <test-method is-config="true" signature="setUp()[pri:0, instance:TestSaucedemo@7a52f2a2]" started-at="2025-01-24T13:40:27 WIB" name="setUp" finished-at="2025-01-24T13:40:41 WIB" duration-ms="13930" status="PASS">
          <reporter-output>
          </reporter-output>
        </test-method> <!-- setUp -->
        <test-method signature="testSauceDemoLoginAndCheckout()[pri:0, instance:TestSaucedemo@7a52f2a2]" started-at="2025-01-24T13:40:41 WIB" name="testSauceDemoLoginAndCheckout" finished-at="2025-01-24T13:40:54 WIB" duration-ms="13083" status="PASS">
          <reporter-output>
          </reporter-output>
        </test-method> <!-- testSauceDemoLoginAndCheckout -->
        <test-method is-config="true" signature="tearDown()[pri:0, instance:TestSaucedemo@7a52f2a2]" started-at="2025-01-24T13:40:54 WIB" name="tearDown" finished-at="2025-01-24T13:40:57 WIB" duration-ms="2924" status="PASS">
          <reporter-output>
          </reporter-output>
        </test-method> <!-- tearDown -->
      </class> <!-- TestSaucedemo -->
    </test> <!-- Surefire test -->
  </suite> <!-- Surefire suite -->
</testng-results>
